[24-Oct-2018 05:58:23 UTC] PHP Fatal error:  Call to undefined function printTable() in /home/ubuntu/workspace/cst352/examPractice/exam1.php on line 82
[24-Oct-2018 05:58:23 UTC] PHP Stack trace:
[24-Oct-2018 05:58:23 UTC] PHP   1. {main}() /home/ubuntu/workspace/cst352/examPractice/exam1.php:0
[24-Oct-2018 06:16:35 UTC] PHP Fatal error:  Call to undefined function printTable() in /home/ubuntu/workspace/cst352/examPractice/exam1.php on line 114
[24-Oct-2018 06:16:35 UTC] PHP Stack trace:
[24-Oct-2018 06:16:35 UTC] PHP   1. {main}() /home/ubuntu/workspace/cst352/examPractice/exam1.php:0
[24-Oct-2018 06:17:16 UTC] PHP Fatal error:  Call to undefined function printTable() in /home/ubuntu/workspace/cst352/examPractice/exam1.php on line 114
[24-Oct-2018 06:17:16 UTC] PHP Stack trace:
[24-Oct-2018 06:17:16 UTC] PHP   1. {main}() /home/ubuntu/workspace/cst352/examPractice/exam1.php:0
[25-Oct-2018 17:16:21 UTC] PHP Parse error:  syntax error, unexpected end of file in /home/ubuntu/workspace/cst352/midterm/program1.php on line 56
[25-Oct-2018 17:30:11 UTC] PHP Parse error:  syntax error, unexpected ')' in /home/ubuntu/workspace/cst352/midterm/program1.php on line 9
[25-Oct-2018 17:30:24 UTC] PHP Parse error:  syntax error, unexpected end of file in /home/ubuntu/workspace/cst352/midterm/program1.php on line 60
[25-Oct-2018 18:24:10 UTC] PHP Parse error:  syntax error, unexpected end of file in /home/ubuntu/workspace/cst352/midterm/program1.php on line 118
[25-Oct-2018 18:36:17 UTC] PHP Warning:  include(../../sqlConnection.php): failed to open stream: No such file or directory in /home/ubuntu/workspace/cst352/midterm/program2.php on line 2
[25-Oct-2018 18:36:17 UTC] PHP Stack trace:
[25-Oct-2018 18:36:17 UTC] PHP   1. {main}() /home/ubuntu/workspace/cst352/midterm/program2.php:0
[25-Oct-2018 18:36:17 UTC] PHP Warning:  include(): Failed opening '../../sqlConnection.php' for inclusion (include_path='.:/usr/share/php:/usr/share/pear') in /home/ubuntu/workspace/cst352/midterm/program2.php on line 2
[25-Oct-2018 18:36:17 UTC] PHP Stack trace:
[25-Oct-2018 18:36:17 UTC] PHP   1. {main}() /home/ubuntu/workspace/cst352/midterm/program2.php:0
[25-Oct-2018 18:36:17 UTC] PHP Fatal error:  Call to undefined function getConnection() in /home/ubuntu/workspace/cst352/midterm/program2.php on line 3
[25-Oct-2018 18:36:17 UTC] PHP Stack trace:
[25-Oct-2018 18:36:17 UTC] PHP   1. {main}() /home/ubuntu/workspace/cst352/midterm/program2.php:0
[25-Oct-2018 18:39:03 UTC] PHP Warning:  include(/cst352/sqlConnection.php): failed to open stream: No such file or directory in /home/ubuntu/workspace/cst352/midterm/program2.php on line 2
[25-Oct-2018 18:39:03 UTC] PHP Stack trace:
[25-Oct-2018 18:39:03 UTC] PHP   1. {main}() /home/ubuntu/workspace/cst352/midterm/program2.php:0
[25-Oct-2018 18:39:03 UTC] PHP Warning:  include(): Failed opening '/cst352/sqlConnection.php' for inclusion (include_path='.:/usr/share/php:/usr/share/pear') in /home/ubuntu/workspace/cst352/midterm/program2.php on line 2
[25-Oct-2018 18:39:03 UTC] PHP Stack trace:
[25-Oct-2018 18:39:03 UTC] PHP   1. {main}() /home/ubuntu/workspace/cst352/midterm/program2.php:0
[25-Oct-2018 18:39:03 UTC] PHP Fatal error:  Call to undefined function getConnection() in /home/ubuntu/workspace/cst352/midterm/program2.php on line 3
[25-Oct-2018 18:39:03 UTC] PHP Stack trace:
[25-Oct-2018 18:39:03 UTC] PHP   1. {main}() /home/ubuntu/workspace/cst352/midterm/program2.php:0
[25-Oct-2018 18:39:05 UTC] PHP Warning:  include(/cst352/sqlConnection.php): failed to open stream: No such file or directory in /home/ubuntu/workspace/cst352/midterm/program2.php on line 2
[25-Oct-2018 18:39:05 UTC] PHP Stack trace:
[25-Oct-2018 18:39:05 UTC] PHP   1. {main}() /home/ubuntu/workspace/cst352/midterm/program2.php:0
[25-Oct-2018 18:39:05 UTC] PHP Warning:  include(): Failed opening '/cst352/sqlConnection.php' for inclusion (include_path='.:/usr/share/php:/usr/share/pear') in /home/ubuntu/workspace/cst352/midterm/program2.php on line 2
[25-Oct-2018 18:39:05 UTC] PHP Stack trace:
[25-Oct-2018 18:39:05 UTC] PHP   1. {main}() /home/ubuntu/workspace/cst352/midterm/program2.php:0
[25-Oct-2018 18:39:05 UTC] PHP Fatal error:  Call to undefined function getConnection() in /home/ubuntu/workspace/cst352/midterm/program2.php on line 3
[25-Oct-2018 18:39:05 UTC] PHP Stack trace:
[25-Oct-2018 18:39:05 UTC] PHP   1. {main}() /home/ubuntu/workspace/cst352/midterm/program2.php:0
[25-Oct-2018 18:39:05 UTC] PHP Warning:  include(/cst352/sqlConnection.php): failed to open stream: No such file or directory in /home/ubuntu/workspace/cst352/midterm/program2.php on line 2
[25-Oct-2018 18:39:05 UTC] PHP Stack trace:
[25-Oct-2018 18:39:05 UTC] PHP   1. {main}() /home/ubuntu/workspace/cst352/midterm/program2.php:0
[25-Oct-2018 18:39:05 UTC] PHP Warning:  include(): Failed opening '/cst352/sqlConnection.php' for inclusion (include_path='.:/usr/share/php:/usr/share/pear') in /home/ubuntu/workspace/cst352/midterm/program2.php on line 2
[25-Oct-2018 18:39:05 UTC] PHP Stack trace:
[25-Oct-2018 18:39:05 UTC] PHP   1. {main}() /home/ubuntu/workspace/cst352/midterm/program2.php:0
[25-Oct-2018 18:39:05 UTC] PHP Fatal error:  Call to undefined function getConnection() in /home/ubuntu/workspace/cst352/midterm/program2.php on line 3
[25-Oct-2018 18:39:05 UTC] PHP Stack trace:
[25-Oct-2018 18:39:05 UTC] PHP   1. {main}() /home/ubuntu/workspace/cst352/midterm/program2.php:0
[25-Oct-2018 18:42:15 UTC] PHP Warning:  include(/cst352/sqlConnection.php): failed to open stream: No such file or directory in /home/ubuntu/workspace/cst352/midterm/program2.php on line 2
[25-Oct-2018 18:42:15 UTC] PHP Stack trace:
[25-Oct-2018 18:42:15 UTC] PHP   1. {main}() /home/ubuntu/workspace/cst352/midterm/program2.php:0
[25-Oct-2018 18:42:15 UTC] PHP Warning:  include(): Failed opening '/cst352/sqlConnection.php' for inclusion (include_path='.:/usr/share/php:/usr/share/pear') in /home/ubuntu/workspace/cst352/midterm/program2.php on line 2
[25-Oct-2018 18:42:15 UTC] PHP Stack trace:
[25-Oct-2018 18:42:15 UTC] PHP   1. {main}() /home/ubuntu/workspace/cst352/midterm/program2.php:0
[25-Oct-2018 18:42:15 UTC] PHP Fatal error:  Call to undefined function getConnection() in /home/ubuntu/workspace/cst352/midterm/program2.php on line 3
[25-Oct-2018 18:42:15 UTC] PHP Stack trace:
[25-Oct-2018 18:42:15 UTC] PHP   1. {main}() /home/ubuntu/workspace/cst352/midterm/program2.php:0
[25-Oct-2018 18:42:16 UTC] PHP Warning:  include(/cst352/sqlConnection.php): failed to open stream: No such file or directory in /home/ubuntu/workspace/cst352/midterm/program2.php on line 2
[25-Oct-2018 18:42:16 UTC] PHP Stack trace:
[25-Oct-2018 18:42:16 UTC] PHP   1. {main}() /home/ubuntu/workspace/cst352/midterm/program2.php:0
[25-Oct-2018 18:42:16 UTC] PHP Warning:  include(): Failed opening '/cst352/sqlConnection.php' for inclusion (include_path='.:/usr/share/php:/usr/share/pear') in /home/ubuntu/workspace/cst352/midterm/program2.php on line 2
[25-Oct-2018 18:42:16 UTC] PHP Stack trace:
[25-Oct-2018 18:42:16 UTC] PHP   1. {main}() /home/ubuntu/workspace/cst352/midterm/program2.php:0
[25-Oct-2018 18:42:16 UTC] PHP Fatal error:  Call to undefined function getConnection() in /home/ubuntu/workspace/cst352/midterm/program2.php on line 3
[25-Oct-2018 18:42:16 UTC] PHP Stack trace:
[25-Oct-2018 18:42:16 UTC] PHP   1. {main}() /home/ubuntu/workspace/cst352/midterm/program2.php:0
[25-Oct-2018 18:42:16 UTC] PHP Warning:  include(/cst352/sqlConnection.php): failed to open stream: No such file or directory in /home/ubuntu/workspace/cst352/midterm/program2.php on line 2
[25-Oct-2018 18:42:16 UTC] PHP Stack trace:
[25-Oct-2018 18:42:16 UTC] PHP   1. {main}() /home/ubuntu/workspace/cst352/midterm/program2.php:0
[25-Oct-2018 18:42:16 UTC] PHP Warning:  include(): Failed opening '/cst352/sqlConnection.php' for inclusion (include_path='.:/usr/share/php:/usr/share/pear') in /home/ubuntu/workspace/cst352/midterm/program2.php on line 2
[25-Oct-2018 18:42:16 UTC] PHP Stack trace:
[25-Oct-2018 18:42:16 UTC] PHP   1. {main}() /home/ubuntu/workspace/cst352/midterm/program2.php:0
[25-Oct-2018 18:42:16 UTC] PHP Fatal error:  Call to undefined function getConnection() in /home/ubuntu/workspace/cst352/midterm/program2.php on line 3
[25-Oct-2018 18:42:16 UTC] PHP Stack trace:
[25-Oct-2018 18:42:16 UTC] PHP   1. {main}() /home/ubuntu/workspace/cst352/midterm/program2.php:0
[25-Oct-2018 18:42:17 UTC] PHP Warning:  include(/cst352/sqlConnection.php): failed to open stream: No such file or directory in /home/ubuntu/workspace/cst352/midterm/program2.php on line 2
[25-Oct-2018 18:42:17 UTC] PHP Stack trace:
[25-Oct-2018 18:42:17 UTC] PHP   1. {main}() /home/ubuntu/workspace/cst352/midterm/program2.php:0
[25-Oct-2018 18:42:17 UTC] PHP Warning:  include(): Failed opening '/cst352/sqlConnection.php' for inclusion (include_path='.:/usr/share/php:/usr/share/pear') in /home/ubuntu/workspace/cst352/midterm/program2.php on line 2
[25-Oct-2018 18:42:17 UTC] PHP Stack trace:
[25-Oct-2018 18:42:17 UTC] PHP   1. {main}() /home/ubuntu/workspace/cst352/midterm/program2.php:0
[25-Oct-2018 18:42:17 UTC] PHP Fatal error:  Call to undefined function getConnection() in /home/ubuntu/workspace/cst352/midterm/program2.php on line 3
[25-Oct-2018 18:42:17 UTC] PHP Stack trace:
[25-Oct-2018 18:42:17 UTC] PHP   1. {main}() /home/ubuntu/workspace/cst352/midterm/program2.php:0
[25-Oct-2018 18:42:46 UTC] PHP Warning:  include(cst352/sqlConnection.php): failed to open stream: No such file or directory in /home/ubuntu/workspace/cst352/midterm/program2.php on line 2
[25-Oct-2018 18:42:46 UTC] PHP Stack trace:
[25-Oct-2018 18:42:46 UTC] PHP   1. {main}() /home/ubuntu/workspace/cst352/midterm/program2.php:0
[25-Oct-2018 18:42:46 UTC] PHP Warning:  include(): Failed opening 'cst352/sqlConnection.php' for inclusion (include_path='.:/usr/share/php:/usr/share/pear') in /home/ubuntu/workspace/cst352/midterm/program2.php on line 2
[25-Oct-2018 18:42:46 UTC] PHP Stack trace:
[25-Oct-2018 18:42:46 UTC] PHP   1. {main}() /home/ubuntu/workspace/cst352/midterm/program2.php:0
[25-Oct-2018 18:42:46 UTC] PHP Fatal error:  Call to undefined function getConnection() in /home/ubuntu/workspace/cst352/midterm/program2.php on line 3
[25-Oct-2018 18:42:46 UTC] PHP Stack trace:
[25-Oct-2018 18:42:46 UTC] PHP   1. {main}() /home/ubuntu/workspace/cst352/midterm/program2.php:0
[25-Oct-2018 18:42:47 UTC] PHP Warning:  include(cst352/sqlConnection.php): failed to open stream: No such file or directory in /home/ubuntu/workspace/cst352/midterm/program2.php on line 2
[25-Oct-2018 18:42:47 UTC] PHP Stack trace:
[25-Oct-2018 18:42:47 UTC] PHP   1. {main}() /home/ubuntu/workspace/cst352/midterm/program2.php:0
[25-Oct-2018 18:42:47 UTC] PHP Warning:  include(): Failed opening 'cst352/sqlConnection.php' for inclusion (include_path='.:/usr/share/php:/usr/share/pear') in /home/ubuntu/workspace/cst352/midterm/program2.php on line 2
[25-Oct-2018 18:42:47 UTC] PHP Stack trace:
[25-Oct-2018 18:42:47 UTC] PHP   1. {main}() /home/ubuntu/workspace/cst352/midterm/program2.php:0
[25-Oct-2018 18:42:47 UTC] PHP Fatal error:  Call to undefined function getConnection() in /home/ubuntu/workspace/cst352/midterm/program2.php on line 3
[25-Oct-2018 18:42:47 UTC] PHP Stack trace:
[25-Oct-2018 18:42:47 UTC] PHP   1. {main}() /home/ubuntu/workspace/cst352/midterm/program2.php:0
[25-Oct-2018 18:42:48 UTC] PHP Warning:  include(cst352/sqlConnection.php): failed to open stream: No such file or directory in /home/ubuntu/workspace/cst352/midterm/program2.php on line 2
[25-Oct-2018 18:42:48 UTC] PHP Stack trace:
[25-Oct-2018 18:42:48 UTC] PHP   1. {main}() /home/ubuntu/workspace/cst352/midterm/program2.php:0
[25-Oct-2018 18:42:48 UTC] PHP Warning:  include(): Failed opening 'cst352/sqlConnection.php' for inclusion (include_path='.:/usr/share/php:/usr/share/pear') in /home/ubuntu/workspace/cst352/midterm/program2.php on line 2
[25-Oct-2018 18:42:48 UTC] PHP Stack trace:
[25-Oct-2018 18:42:48 UTC] PHP   1. {main}() /home/ubuntu/workspace/cst352/midterm/program2.php:0
[25-Oct-2018 18:42:48 UTC] PHP Fatal error:  Call to undefined function getConnection() in /home/ubuntu/workspace/cst352/midterm/program2.php on line 3
[25-Oct-2018 18:42:48 UTC] PHP Stack trace:
[25-Oct-2018 18:42:48 UTC] PHP   1. {main}() /home/ubuntu/workspace/cst352/midterm/program2.php:0
[25-Oct-2018 18:42:54 UTC] PHP Warning:  include(.cst352/sqlConnection.php): failed to open stream: No such file or directory in /home/ubuntu/workspace/cst352/midterm/program2.php on line 2
[25-Oct-2018 18:42:54 UTC] PHP Stack trace:
[25-Oct-2018 18:42:54 UTC] PHP   1. {main}() /home/ubuntu/workspace/cst352/midterm/program2.php:0
[25-Oct-2018 18:42:54 UTC] PHP Warning:  include(): Failed opening '.cst352/sqlConnection.php' for inclusion (include_path='.:/usr/share/php:/usr/share/pear') in /home/ubuntu/workspace/cst352/midterm/program2.php on line 2
[25-Oct-2018 18:42:54 UTC] PHP Stack trace:
[25-Oct-2018 18:42:54 UTC] PHP   1. {main}() /home/ubuntu/workspace/cst352/midterm/program2.php:0
[25-Oct-2018 18:42:54 UTC] PHP Fatal error:  Call to undefined function getConnection() in /home/ubuntu/workspace/cst352/midterm/program2.php on line 3
[25-Oct-2018 18:42:54 UTC] PHP Stack trace:
[25-Oct-2018 18:42:54 UTC] PHP   1. {main}() /home/ubuntu/workspace/cst352/midterm/program2.php:0
[25-Oct-2018 18:42:55 UTC] PHP Warning:  include(.cst352/sqlConnection.php): failed to open stream: No such file or directory in /home/ubuntu/workspace/cst352/midterm/program2.php on line 2
[25-Oct-2018 18:42:55 UTC] PHP Stack trace:
[25-Oct-2018 18:42:55 UTC] PHP   1. {main}() /home/ubuntu/workspace/cst352/midterm/program2.php:0
[25-Oct-2018 18:42:55 UTC] PHP Warning:  include(): Failed opening '.cst352/sqlConnection.php' for inclusion (include_path='.:/usr/share/php:/usr/share/pear') in /home/ubuntu/workspace/cst352/midterm/program2.php on line 2
[25-Oct-2018 18:42:55 UTC] PHP Stack trace:
[25-Oct-2018 18:42:55 UTC] PHP   1. {main}() /home/ubuntu/workspace/cst352/midterm/program2.php:0
[25-Oct-2018 18:42:55 UTC] PHP Fatal error:  Call to undefined function getConnection() in /home/ubuntu/workspace/cst352/midterm/program2.php on line 3
[25-Oct-2018 18:42:55 UTC] PHP Stack trace:
[25-Oct-2018 18:42:55 UTC] PHP   1. {main}() /home/ubuntu/workspace/cst352/midterm/program2.php:0
[25-Oct-2018 18:48:05 UTC] PHP Warning:  include(cst352/sqlConnection.php): failed to open stream: No such file or directory in /home/ubuntu/workspace/cst352/midterm/program2.php on line 2
[25-Oct-2018 18:48:05 UTC] PHP Stack trace:
[25-Oct-2018 18:48:05 UTC] PHP   1. {main}() /home/ubuntu/workspace/cst352/midterm/program2.php:0
[25-Oct-2018 18:48:05 UTC] PHP Warning:  include(): Failed opening 'cst352/sqlConnection.php' for inclusion (include_path='.:/usr/share/php:/usr/share/pear') in /home/ubuntu/workspace/cst352/midterm/program2.php on line 2
[25-Oct-2018 18:48:05 UTC] PHP Stack trace:
[25-Oct-2018 18:48:05 UTC] PHP   1. {main}() /home/ubuntu/workspace/cst352/midterm/program2.php:0
[25-Oct-2018 18:48:05 UTC] PHP Fatal error:  Call to undefined function getConnection() in /home/ubuntu/workspace/cst352/midterm/program2.php on line 3
[25-Oct-2018 18:48:05 UTC] PHP Stack trace:
[25-Oct-2018 18:48:05 UTC] PHP   1. {main}() /home/ubuntu/workspace/cst352/midterm/program2.php:0
[25-Oct-2018 18:48:06 UTC] PHP Warning:  include(cst352/sqlConnection.php): failed to open stream: No such file or directory in /home/ubuntu/workspace/cst352/midterm/program2.php on line 2
[25-Oct-2018 18:48:06 UTC] PHP Stack trace:
[25-Oct-2018 18:48:06 UTC] PHP   1. {main}() /home/ubuntu/workspace/cst352/midterm/program2.php:0
[25-Oct-2018 18:48:06 UTC] PHP Warning:  include(): Failed opening 'cst352/sqlConnection.php' for inclusion (include_path='.:/usr/share/php:/usr/share/pear') in /home/ubuntu/workspace/cst352/midterm/program2.php on line 2
[25-Oct-2018 18:48:06 UTC] PHP Stack trace:
[25-Oct-2018 18:48:06 UTC] PHP   1. {main}() /home/ubuntu/workspace/cst352/midterm/program2.php:0
[25-Oct-2018 18:48:06 UTC] PHP Fatal error:  Call to undefined function getConnection() in /home/ubuntu/workspace/cst352/midterm/program2.php on line 3
[25-Oct-2018 18:48:06 UTC] PHP Stack trace:
[25-Oct-2018 18:48:06 UTC] PHP   1. {main}() /home/ubuntu/workspace/cst352/midterm/program2.php:0
[25-Oct-2018 18:48:21 UTC] PHP Fatal error:  Uncaught exception 'PDOException' with message 'SQLSTATE[42S22]: Column not found: 1054 Unknown column 'quotes' in 'where clause'' in /home/ubuntu/workspace/cst352/midterm/program2.php:10
Stack trace:
#0 /home/ubuntu/workspace/cst352/midterm/program2.php(10): PDOStatement->execute()
#1 /home/ubuntu/workspace/cst352/midterm/program2.php(30): displayAllQuotesThatStartWithLetterL()
#2 {main}
  thrown in /home/ubuntu/workspace/cst352/midterm/program2.php on line 10
[25-Oct-2018 18:49:00 UTC] PHP Fatal error:  Uncaught exception 'PDOException' with message 'SQLSTATE[42000]: Syntax error or access violation: 1064 You have an error in your SQL syntax; check the manual that corresponds to your MySQL server version for the right syntax to use near 'LIKE 'L'' at line 1' in /home/ubuntu/workspace/cst352/midterm/program2.php:10
Stack trace:
#0 /home/ubuntu/workspace/cst352/midterm/program2.php(10): PDOStatement->execute()
#1 /home/ubuntu/workspace/cst352/midterm/program2.php(30): displayAllQuotesThatStartWithLetterL()
#2 {main}
  thrown in /home/ubuntu/workspace/cst352/midterm/program2.php on line 10
[30-Oct-2018 04:59:37 UTC] PHP Parse error:  syntax error, unexpected end of file in /home/ubuntu/workspace/cst352/midterm/program1.php on line 118
[30-Oct-2018 05:02:57 UTC] PHP Parse error:  syntax error, unexpected end of file in /home/ubuntu/workspace/cst352/midterm/program1.php on line 118
