[04-Sep-2018 18:43:33 UTC] PHP Parse error:  syntax error, unexpected 'seven' (T_STRING), expecting ',' or ';' in /home/ubuntu/workspace/cst352/labs/lab2/index.php on line 8
[04-Sep-2018 18:43:35 UTC] PHP Parse error:  syntax error, unexpected 'seven' (T_STRING), expecting ',' or ';' in /home/ubuntu/workspace/cst352/labs/lab2/index.php on line 8
[04-Sep-2018 18:45:09 UTC] PHP Parse error:  syntax error, unexpected end of file, expecting variable (T_VARIABLE) or ${ (T_DOLLAR_OPEN_CURLY_BRACES) or {$ (T_CURLY_OPEN) in /home/ubuntu/workspace/cst352/labs/lab2/index.php on line 11
[04-Sep-2018 20:13:49 UTC] PHP Parse error:  syntax error, unexpected end of file, expecting variable (T_VARIABLE) or ${ (T_DOLLAR_OPEN_CURLY_BRACES) or {$ (T_CURLY_OPEN) in /home/ubuntu/workspace/cst352/labs/lab2/index.php on line 11
[06-Sep-2018 17:42:26 UTC] PHP Parse error:  syntax error, unexpected 'echo' (T_ECHO) in /home/ubuntu/workspace/cst352/labs/lab2/index.php on line 11
[06-Sep-2018 17:43:30 UTC] PHP Parse error:  syntax error, unexpected 'echo' (T_ECHO) in /home/ubuntu/workspace/cst352/labs/lab2/index.php on line 11
[06-Sep-2018 17:43:32 UTC] PHP Parse error:  syntax error, unexpected 'echo' (T_ECHO) in /home/ubuntu/workspace/cst352/labs/lab2/index.php on line 11
[06-Sep-2018 17:43:48 UTC] PHP Parse error:  syntax error, unexpected 'echo' (T_ECHO) in /home/ubuntu/workspace/cst352/labs/lab2/index.php on line 11
[06-Sep-2018 18:35:41 UTC] PHP Parse error:  syntax error, unexpected '==' (T_IS_EQUAL) in /home/ubuntu/workspace/cst352/labs/lab2/index.php on line 40
[11-Sep-2018 18:01:42 UTC] PHP Parse error:  syntax error, unexpected ',' in /home/ubuntu/workspace/cst352/labs/practice/randombackgroundcolor.php on line 10
[11-Sep-2018 18:52:34 UTC] PHP Parse error:  syntax error, unexpected '}', expecting ',' or ';' in /home/ubuntu/workspace/cst352/labs/lab2/index.php on line 53
[11-Sep-2018 18:52:36 UTC] PHP Parse error:  syntax error, unexpected '}', expecting ',' or ';' in /home/ubuntu/workspace/cst352/labs/lab2/index.php on line 53
[11-Sep-2018 19:33:49 UTC] PHP Parse error:  syntax error, unexpected '}', expecting ',' or ';' in /home/ubuntu/workspace/cst352/labs/lab2/index.php on line 53
[11-Sep-2018 19:34:19 UTC] PHP Parse error:  syntax error, unexpected '}', expecting ',' or ';' in /home/ubuntu/workspace/cst352/labs/lab2/index.php on line 57
[11-Sep-2018 19:34:21 UTC] PHP Parse error:  syntax error, unexpected '}', expecting ',' or ';' in /home/ubuntu/workspace/cst352/labs/lab2/index.php on line 57
[11-Sep-2018 19:43:45 UTC] PHP Parse error:  syntax error, unexpected ')', expecting ';' in /home/ubuntu/workspace/cst352/labs/lab2/index.php on line 58
[13-Sep-2018 17:10:24 UTC] PHP Parse error:  syntax error, unexpected 'rand' (T_STRING), expecting ',' or ';' in /home/ubuntu/workspace/cst352/labs/practice/luckyNumber.php on line 9
[13-Sep-2018 17:10:25 UTC] PHP Parse error:  syntax error, unexpected 'rand' (T_STRING), expecting ',' or ';' in /home/ubuntu/workspace/cst352/labs/practice/luckyNumber.php on line 9
[13-Sep-2018 17:10:26 UTC] PHP Parse error:  syntax error, unexpected 'rand' (T_STRING), expecting ',' or ';' in /home/ubuntu/workspace/cst352/labs/practice/luckyNumber.php on line 9
[13-Sep-2018 18:40:57 UTC] PHP Parse error:  syntax error, unexpected ')', expecting ';' in /home/ubuntu/workspace/cst352/labs/lab2/index.php on line 64
[14-Sep-2018 23:31:35 UTC] PHP Parse error:  syntax error, unexpected '{' in /home/ubuntu/workspace/cst352/labs/lab2/index.php on line 16
[20-Sep-2018 17:29:47 UTC] PHP Parse error:  syntax error, unexpected '(', expecting ']' in /home/ubuntu/workspace/cst352/labs/lab3/index.php on line 7
[20-Sep-2018 17:29:48 UTC] PHP Parse error:  syntax error, unexpected '(', expecting ']' in /home/ubuntu/workspace/cst352/labs/lab3/index.php on line 7
[20-Sep-2018 17:38:59 UTC] PHP Parse error:  syntax error, unexpected end of file in /home/ubuntu/workspace/cst352/labs/lab3/index.php on line 31
[20-Sep-2018 17:40:35 UTC] PHP Parse error:  syntax error, unexpected end of file in /home/ubuntu/workspace/cst352/labs/lab3/index.php on line 33
[20-Sep-2018 17:40:36 UTC] PHP Parse error:  syntax error, unexpected end of file in /home/ubuntu/workspace/cst352/labs/lab3/index.php on line 33
[20-Sep-2018 18:00:37 UTC] PHP Warning:  array_pop() expects parameter 1 to be array, null given in /home/ubuntu/workspace/cst352/labs/lab3/index.php on line 11
[20-Sep-2018 18:00:37 UTC] PHP Stack trace:
[20-Sep-2018 18:00:37 UTC] PHP   1. {main}() /home/ubuntu/workspace/cst352/labs/lab3/index.php:0
[20-Sep-2018 18:00:37 UTC] PHP   2. hand() /home/ubuntu/workspace/cst352/labs/lab3/index.php:41
[20-Sep-2018 18:00:37 UTC] PHP   3. array_pop() /home/ubuntu/workspace/cst352/labs/lab3/index.php:11
[20-Sep-2018 18:00:37 UTC] PHP Warning:  array_pop() expects parameter 1 to be array, null given in /home/ubuntu/workspace/cst352/labs/lab3/index.php on line 11
[20-Sep-2018 18:00:37 UTC] PHP Stack trace:
[20-Sep-2018 18:00:37 UTC] PHP   1. {main}() /home/ubuntu/workspace/cst352/labs/lab3/index.php:0
[20-Sep-2018 18:00:37 UTC] PHP   2. hand() /home/ubuntu/workspace/cst352/labs/lab3/index.php:41
[20-Sep-2018 18:00:37 UTC] PHP   3. array_pop() /home/ubuntu/workspace/cst352/labs/lab3/index.php:11
[20-Sep-2018 18:00:37 UTC] PHP Warning:  array_pop() expects parameter 1 to be array, null given in /home/ubuntu/workspace/cst352/labs/lab3/index.php on line 11
[20-Sep-2018 18:00:37 UTC] PHP Stack trace:
[20-Sep-2018 18:00:37 UTC] PHP   1. {main}() /home/ubuntu/workspace/cst352/labs/lab3/index.php:0
[20-Sep-2018 18:00:37 UTC] PHP   2. hand() /home/ubuntu/workspace/cst352/labs/lab3/index.php:41
[20-Sep-2018 18:00:37 UTC] PHP   3. array_pop() /home/ubuntu/workspace/cst352/labs/lab3/index.php:11
[20-Sep-2018 18:00:37 UTC] PHP Warning:  array_pop() expects parameter 1 to be array, null given in /home/ubuntu/workspace/cst352/labs/lab3/index.php on line 11
[20-Sep-2018 18:00:37 UTC] PHP Stack trace:
[20-Sep-2018 18:00:37 UTC] PHP   1. {main}() /home/ubuntu/workspace/cst352/labs/lab3/index.php:0
[20-Sep-2018 18:00:37 UTC] PHP   2. hand() /home/ubuntu/workspace/cst352/labs/lab3/index.php:41
[20-Sep-2018 18:00:37 UTC] PHP   3. array_pop() /home/ubuntu/workspace/cst352/labs/lab3/index.php:11
[20-Sep-2018 18:00:37 UTC] PHP Warning:  array_pop() expects parameter 1 to be array, null given in /home/ubuntu/workspace/cst352/labs/lab3/index.php on line 11
[20-Sep-2018 18:00:37 UTC] PHP Stack trace:
[20-Sep-2018 18:00:37 UTC] PHP   1. {main}() /home/ubuntu/workspace/cst352/labs/lab3/index.php:0
[20-Sep-2018 18:00:37 UTC] PHP   2. hand() /home/ubuntu/workspace/cst352/labs/lab3/index.php:41
[20-Sep-2018 18:00:37 UTC] PHP   3. array_pop() /home/ubuntu/workspace/cst352/labs/lab3/index.php:11
[27-Sep-2018 18:36:34 UTC] PHP Warning:  include(api/pixabatAPI.php): failed to open stream: No such file or directory in /home/ubuntu/workspace/cst352/labs/lab4/index.php on line 5
[27-Sep-2018 18:36:34 UTC] PHP Stack trace:
[27-Sep-2018 18:36:34 UTC] PHP   1. {main}() /home/ubuntu/workspace/cst352/labs/lab4/index.php:0
[27-Sep-2018 18:36:34 UTC] PHP Warning:  include(): Failed opening 'api/pixabatAPI.php' for inclusion (include_path='.:/usr/share/php:/usr/share/pear') in /home/ubuntu/workspace/cst352/labs/lab4/index.php on line 5
[27-Sep-2018 18:36:34 UTC] PHP Stack trace:
[27-Sep-2018 18:36:34 UTC] PHP   1. {main}() /home/ubuntu/workspace/cst352/labs/lab4/index.php:0
[27-Sep-2018 18:36:34 UTC] PHP Fatal error:  Call to undefined function getImageURLs() in /home/ubuntu/workspace/cst352/labs/lab4/index.php on line 9
[27-Sep-2018 18:36:34 UTC] PHP Stack trace:
[27-Sep-2018 18:36:34 UTC] PHP   1. {main}() /home/ubuntu/workspace/cst352/labs/lab4/index.php:0
[02-Oct-2018 17:23:01 UTC] PHP Warning:  include(api/pixabatAPI.php): failed to open stream: No such file or directory in /home/ubuntu/workspace/cst352/labs/lab4/index.php on line 5
[02-Oct-2018 17:23:01 UTC] PHP Stack trace:
[02-Oct-2018 17:23:01 UTC] PHP   1. {main}() /home/ubuntu/workspace/cst352/labs/lab4/index.php:0
[02-Oct-2018 17:23:01 UTC] PHP Warning:  include(): Failed opening 'api/pixabatAPI.php' for inclusion (include_path='.:/usr/share/php:/usr/share/pear') in /home/ubuntu/workspace/cst352/labs/lab4/index.php on line 5
[02-Oct-2018 17:23:01 UTC] PHP Stack trace:
[02-Oct-2018 17:23:01 UTC] PHP   1. {main}() /home/ubuntu/workspace/cst352/labs/lab4/index.php:0
[02-Oct-2018 17:23:01 UTC] PHP Fatal error:  Call to undefined function getImageURLs() in /home/ubuntu/workspace/cst352/labs/lab4/index.php on line 9
[02-Oct-2018 17:23:01 UTC] PHP Stack trace:
[02-Oct-2018 17:23:01 UTC] PHP   1. {main}() /home/ubuntu/workspace/cst352/labs/lab4/index.php:0
[02-Oct-2018 17:23:37 UTC] PHP Warning:  include(api/pixabatAPI.php): failed to open stream: No such file or directory in /home/ubuntu/workspace/cst352/labs/lab4/index.php on line 5
[02-Oct-2018 17:23:37 UTC] PHP Stack trace:
[02-Oct-2018 17:23:37 UTC] PHP   1. {main}() /home/ubuntu/workspace/cst352/labs/lab4/index.php:0
[02-Oct-2018 17:23:37 UTC] PHP Warning:  include(): Failed opening 'api/pixabatAPI.php' for inclusion (include_path='.:/usr/share/php:/usr/share/pear') in /home/ubuntu/workspace/cst352/labs/lab4/index.php on line 5
[02-Oct-2018 17:23:37 UTC] PHP Stack trace:
[02-Oct-2018 17:23:37 UTC] PHP   1. {main}() /home/ubuntu/workspace/cst352/labs/lab4/index.php:0
[02-Oct-2018 17:23:37 UTC] PHP Fatal error:  Call to undefined function getImageURLs() in /home/ubuntu/workspace/cst352/labs/lab4/index.php on line 9
[02-Oct-2018 17:23:37 UTC] PHP Stack trace:
[02-Oct-2018 17:23:37 UTC] PHP   1. {main}() /home/ubuntu/workspace/cst352/labs/lab4/index.php:0
[02-Oct-2018 17:24:13 UTC] PHP Warning:  include(api/pixabatAPI.php): failed to open stream: No such file or directory in /home/ubuntu/workspace/cst352/labs/lab4/index.php on line 5
[02-Oct-2018 17:24:13 UTC] PHP Stack trace:
[02-Oct-2018 17:24:13 UTC] PHP   1. {main}() /home/ubuntu/workspace/cst352/labs/lab4/index.php:0
[02-Oct-2018 17:24:13 UTC] PHP Warning:  include(): Failed opening 'api/pixabatAPI.php' for inclusion (include_path='.:/usr/share/php:/usr/share/pear') in /home/ubuntu/workspace/cst352/labs/lab4/index.php on line 5
[02-Oct-2018 17:24:13 UTC] PHP Stack trace:
[02-Oct-2018 17:24:13 UTC] PHP   1. {main}() /home/ubuntu/workspace/cst352/labs/lab4/index.php:0
[02-Oct-2018 17:24:13 UTC] PHP Fatal error:  Call to undefined function getImageURLs() in /home/ubuntu/workspace/cst352/labs/lab4/index.php on line 9
[02-Oct-2018 17:24:13 UTC] PHP Stack trace:
[02-Oct-2018 17:24:13 UTC] PHP   1. {main}() /home/ubuntu/workspace/cst352/labs/lab4/index.php:0
[02-Oct-2018 17:37:33 UTC] PHP Warning:  include(api/pixabatAPI.php): failed to open stream: No such file or directory in /home/ubuntu/workspace/cst352/labs/lab4/index.php on line 5
[02-Oct-2018 17:37:33 UTC] PHP Stack trace:
[02-Oct-2018 17:37:33 UTC] PHP   1. {main}() /home/ubuntu/workspace/cst352/labs/lab4/index.php:0
[02-Oct-2018 17:37:33 UTC] PHP Warning:  include(): Failed opening 'api/pixabatAPI.php' for inclusion (include_path='.:/usr/share/php:/usr/share/pear') in /home/ubuntu/workspace/cst352/labs/lab4/index.php on line 5
[02-Oct-2018 17:37:33 UTC] PHP Stack trace:
[02-Oct-2018 17:37:33 UTC] PHP   1. {main}() /home/ubuntu/workspace/cst352/labs/lab4/index.php:0
[02-Oct-2018 17:37:33 UTC] PHP Fatal error:  Call to undefined function getImageURLs() in /home/ubuntu/workspace/cst352/labs/lab4/index.php on line 9
[02-Oct-2018 17:37:33 UTC] PHP Stack trace:
[02-Oct-2018 17:37:33 UTC] PHP   1. {main}() /home/ubuntu/workspace/cst352/labs/lab4/index.php:0
[02-Oct-2018 17:44:51 UTC] PHP Warning:  include(api/pixabatAPI.php): failed to open stream: No such file or directory in /home/ubuntu/workspace/cst352/labs/lab4/index.php on line 5
[02-Oct-2018 17:44:51 UTC] PHP Stack trace:
[02-Oct-2018 17:44:51 UTC] PHP   1. {main}() /home/ubuntu/workspace/cst352/labs/lab4/index.php:0
[02-Oct-2018 17:44:51 UTC] PHP Warning:  include(): Failed opening 'api/pixabatAPI.php' for inclusion (include_path='.:/usr/share/php:/usr/share/pear') in /home/ubuntu/workspace/cst352/labs/lab4/index.php on line 5
[02-Oct-2018 17:44:51 UTC] PHP Stack trace:
[02-Oct-2018 17:44:51 UTC] PHP   1. {main}() /home/ubuntu/workspace/cst352/labs/lab4/index.php:0
[02-Oct-2018 17:44:51 UTC] PHP Fatal error:  Call to undefined function getImageURLs() in /home/ubuntu/workspace/cst352/labs/lab4/index.php on line 9
[02-Oct-2018 17:44:51 UTC] PHP Stack trace:
[02-Oct-2018 17:44:51 UTC] PHP   1. {main}() /home/ubuntu/workspace/cst352/labs/lab4/index.php:0
[02-Oct-2018 17:45:06 UTC] PHP Warning:  include(api/pixabatAPI.php): failed to open stream: No such file or directory in /home/ubuntu/workspace/cst352/labs/lab4/index.php on line 5
[02-Oct-2018 17:45:06 UTC] PHP Stack trace:
[02-Oct-2018 17:45:06 UTC] PHP   1. {main}() /home/ubuntu/workspace/cst352/labs/lab4/index.php:0
[02-Oct-2018 17:45:06 UTC] PHP Warning:  include(): Failed opening 'api/pixabatAPI.php' for inclusion (include_path='.:/usr/share/php:/usr/share/pear') in /home/ubuntu/workspace/cst352/labs/lab4/index.php on line 5
[02-Oct-2018 17:45:06 UTC] PHP Stack trace:
[02-Oct-2018 17:45:06 UTC] PHP   1. {main}() /home/ubuntu/workspace/cst352/labs/lab4/index.php:0
[02-Oct-2018 17:45:06 UTC] PHP Fatal error:  Call to undefined function getImageURLs() in /home/ubuntu/workspace/cst352/labs/lab4/index.php on line 9
[02-Oct-2018 17:45:06 UTC] PHP Stack trace:
[02-Oct-2018 17:45:06 UTC] PHP   1. {main}() /home/ubuntu/workspace/cst352/labs/lab4/index.php:0
[02-Oct-2018 18:18:21 UTC] PHP Parse error:  syntax error, unexpected '!' in /home/ubuntu/workspace/cst352/labs/lab4/index.php on line 18
[02-Oct-2018 18:21:27 UTC] PHP Parse error:  syntax error, unexpected '!' in /home/ubuntu/workspace/cst352/labs/lab4/index.php on line 18
[02-Oct-2018 18:28:24 UTC] PHP Parse error:  syntax error, unexpected '!' in /home/ubuntu/workspace/cst352/labs/lab4/index.php on line 18
[02-Oct-2018 18:28:25 UTC] PHP Parse error:  syntax error, unexpected '!' in /home/ubuntu/workspace/cst352/labs/lab4/index.php on line 18
[02-Oct-2018 18:28:26 UTC] PHP Parse error:  syntax error, unexpected '!' in /home/ubuntu/workspace/cst352/labs/lab4/index.php on line 18
[02-Oct-2018 18:29:19 UTC] PHP Parse error:  syntax error, unexpected '!' in /home/ubuntu/workspace/cst352/labs/lab4/index.php on line 18
